<?xml version="1.0" encoding="UTF-8"?>
<coverage generated="1777752770437" clover="3.2.0">
  <project timestamp="1777752770437" name="All files">
    <metrics statements="193" coveredstatements="189" conditionals="146" coveredconditionals="114" methods="19" coveredmethods="17" elements="358" coveredelements="320" complexity="0" loc="193" ncloc="193" packages="7" files="11" classes="11"/>
    <package name="server">
      <metrics statements="38" coveredstatements="36" conditionals="18" coveredconditionals="12" methods="5" coveredmethods="4"/>
      <file name="index.js" path="E:\prompt wars\chunav-saathi\server\index.js">
        <metrics statements="38" coveredstatements="36" conditionals="18" coveredconditionals="12" methods="5" coveredmethods="4"/>
        <line num="1" count="5" type="cond" truecount="1" falsecount="1"/>
        <line num="2" count="5" type="stmt"/>
        <line num="4" count="5" type="stmt"/>
        <line num="5" count="5" type="stmt"/>
        <line num="6" count="5" type="stmt"/>
        <line num="8" count="5" type="stmt"/>
        <line num="9" count="5" type="stmt"/>
        <line num="10" count="5" type="stmt"/>
        <line num="11" count="5" type="stmt"/>
        <line num="12" count="5" type="stmt"/>
        <line num="13" count="5" type="stmt"/>
        <line num="15" count="5" type="stmt"/>
        <line num="16" count="5" type="cond" truecount="1" falsecount="1"/>
        <line num="19" count="5" type="stmt"/>
        <line num="22" count="5" type="stmt"/>
        <line num="28" count="5" type="stmt"/>
        <line num="39" count="34" type="cond" truecount="4" falsecount="0"/>
        <line num="40" count="33" type="stmt"/>
        <line num="42" count="1" type="stmt"/>
        <line num="48" count="5" type="stmt"/>
        <line num="49" count="5" type="stmt"/>
        <line num="52" count="5" type="stmt"/>
        <line num="55" count="5" type="stmt"/>
        <line num="56" count="5" type="stmt"/>
        <line num="57" count="5" type="stmt"/>
        <line num="67" count="5" type="stmt"/>
        <line num="68" count="2" type="stmt"/>
        <line num="83" count="5" type="stmt"/>
        <line num="84" count="1" type="stmt"/>
        <line num="91" count="5" type="stmt"/>
        <line num="92" count="4" type="cond" truecount="1" falsecount="1"/>
        <line num="93" count="4" type="cond" truecount="1" falsecount="1"/>
        <line num="95" count="4" type="stmt"/>
        <line num="102" count="4" type="stmt"/>
        <line num="112" count="5" type="cond" truecount="1" falsecount="1"/>
        <line num="113" count="0" type="stmt"/>
        <line num="114" count="0" type="stmt"/>
        <line num="118" count="5" type="stmt"/>
      </file>
    </package>
    <package name="server.data">
      <metrics statements="4" coveredstatements="4" conditionals="0" coveredconditionals="0" methods="0" coveredmethods="0"/>
      <file name="knowledgeBase.js" path="E:\prompt wars\chunav-saathi\server\data\knowledgeBase.js">
        <metrics statements="4" coveredstatements="4" conditionals="0" coveredconditionals="0" methods="0" coveredmethods="0"/>
        <line num="1" count="5" type="stmt"/>
        <line num="24" count="5" type="stmt"/>
        <line num="181" count="5" type="stmt"/>
        <line num="283" count="5" type="stmt"/>
      </file>
    </package>
    <package name="server.middleware">
      <metrics statements="3" coveredstatements="3" conditionals="0" coveredconditionals="0" methods="0" coveredmethods="0"/>
      <file name="rateLimiter.js" path="E:\prompt wars\chunav-saathi\server\middleware\rateLimiter.js">
        <metrics statements="3" coveredstatements="3" conditionals="0" coveredconditionals="0" methods="0" coveredmethods="0"/>
        <line num="6" count="5" type="stmt"/>
        <line num="13" count="5" type="stmt"/>
        <line num="21" count="5" type="stmt"/>
      </file>
    </package>
    <package name="server.prompts">
      <metrics statements="2" coveredstatements="2" conditionals="0" coveredconditionals="0" methods="0" coveredmethods="0"/>
      <file name="systemPrompt.js" path="E:\prompt wars\chunav-saathi\server\prompts\systemPrompt.js">
        <metrics statements="2" coveredstatements="2" conditionals="0" coveredconditionals="0" methods="0" coveredmethods="0"/>
        <line num="1" count="5" type="stmt"/>
        <line num="10" count="5" type="stmt"/>
      </file>
    </package>
    <package name="server.routes">
      <metrics statements="105" coveredstatements="104" conditionals="109" coveredconditionals="84" methods="6" coveredmethods="6"/>
      <file name="chat.js" path="E:\prompt wars\chunav-saathi\server\routes\chat.js">
        <metrics statements="63" coveredstatements="62" conditionals="88" coveredconditionals="67" methods="3" coveredmethods="3"/>
        <line num="15" count="5" type="stmt"/>
        <line num="16" count="5" type="stmt"/>
        <line num="17" count="5" type="stmt"/>
        <line num="18" count="5" type="stmt"/>
        <line num="21" count="5" type="cond" truecount="1" falsecount="1"/>
        <line num="23" count="5" type="cond" truecount="1" falsecount="1"/>
        <line num="25" count="5" type="stmt"/>
        <line num="28" count="5" type="stmt"/>
        <line num="39" count="5" type="stmt"/>
        <line num="40" count="23" type="stmt"/>
        <line num="41" count="23" type="stmt"/>
        <line num="42" count="23" type="stmt"/>
        <line num="43" count="23" type="stmt"/>
        <line num="46" count="23" type="cond" truecount="4" falsecount="0"/>
        <line num="47" count="2" type="stmt"/>
        <line num="50" count="21" type="stmt"/>
        <line num="53" count="21" type="cond" truecount="2" falsecount="0"/>
        <line num="54" count="14" type="stmt"/>
        <line num="56" count="14" type="cond" truecount="5" falsecount="0"/>
        <line num="57" count="9" type="stmt"/>
        <line num="58" count="9" type="cond" truecount="2" falsecount="0"/>
        <line num="59" count="8" type="stmt"/>
        <line num="65" count="1" type="stmt"/>
        <line num="66" count="1" type="stmt"/>
        <line num="73" count="5" type="cond" truecount="6" falsecount="0"/>
        <line num="74" count="1" type="cond" truecount="1" falsecount="1"/>
        <line num="75" count="1" type="stmt"/>
        <line num="76" count="1" type="stmt"/>
        <line num="84" count="4" type="cond" truecount="5" falsecount="0"/>
        <line num="85" count="1" type="stmt"/>
        <line num="86" count="1" type="stmt"/>
        <line num="99" count="10" type="stmt"/>
        <line num="100" count="14" type="stmt"/>
        <line num="101" count="14" type="stmt"/>
        <line num="102" count="14" type="stmt"/>
        <line num="103" count="308" type="stmt"/>
        <line num="104" count="308" type="cond" truecount="2" falsecount="0"/>
        <line num="105" count="1108" type="cond" truecount="2" falsecount="0"/>
        <line num="106" count="308" type="cond" truecount="2" falsecount="0"/>
        <line num="107" count="6" type="stmt"/>
        <line num="108" count="6" type="stmt"/>
        <line num="111" count="14" type="cond" truecount="2" falsecount="0"/>
        <line num="114" count="10" type="cond" truecount="1" falsecount="1"/>
        <line num="115" count="10" type="cond" truecount="3" falsecount="1"/>
        <line num="117" count="10" type="cond" truecount="2" falsecount="0"/>
        <line num="118" count="6" type="cond" truecount="4" falsecount="0"/>
        <line num="119" count="5" type="stmt"/>
        <line num="120" count="5" type="stmt"/>
        <line num="127" count="1" type="stmt"/>
        <line num="131" count="4" type="cond" truecount="1" falsecount="1"/>
        <line num="132" count="0" type="stmt"/>
        <line num="138" count="4" type="stmt"/>
        <line num="143" count="4" type="stmt"/>
        <line num="144" count="4" type="stmt"/>
        <line num="145" count="2" type="stmt"/>
        <line num="146" count="2" type="stmt"/>
        <line num="148" count="2" type="stmt"/>
        <line num="154" count="2" type="stmt"/>
        <line num="155" count="2" type="stmt"/>
        <line num="158" count="2" type="cond" truecount="6" falsecount="0"/>
        <line num="159" count="1" type="stmt"/>
        <line num="167" count="1" type="stmt"/>
        <line num="174" count="5" type="stmt"/>
      </file>
      <file name="quiz.js" path="E:\prompt wars\chunav-saathi\server\routes\quiz.js">
        <metrics statements="19" coveredstatements="19" conditionals="11" coveredconditionals="9" methods="2" coveredmethods="2"/>
        <line num="12" count="5" type="stmt"/>
        <line num="13" count="5" type="stmt"/>
        <line num="14" count="5" type="stmt"/>
        <line num="16" count="5" type="stmt"/>
        <line num="107" count="5" type="stmt"/>
        <line num="151" count="5" type="stmt"/>
        <line num="152" count="5" type="stmt"/>
        <line num="153" count="40" type="cond" truecount="2" falsecount="0"/>
        <line num="154" count="40" type="cond" truecount="1" falsecount="1"/>
        <line num="166" count="5" type="stmt"/>
        <line num="167" count="3" type="cond" truecount="1" falsecount="0"/>
        <line num="169" count="3" type="cond" truecount="2" falsecount="0"/>
        <line num="170" count="1" type="stmt"/>
        <line num="174" count="2" type="cond" truecount="2" falsecount="0"/>
        <line num="175" count="1" type="stmt"/>
        <line num="181" count="1" type="cond" truecount="1" falsecount="1"/>
        <line num="184" count="1" type="stmt"/>
        <line num="186" count="1" type="stmt"/>
        <line num="193" count="5" type="stmt"/>
      </file>
      <file name="tts.js" path="E:\prompt wars\chunav-saathi\server\routes\tts.js">
        <metrics statements="23" coveredstatements="23" conditionals="10" coveredconditionals="8" methods="1" coveredmethods="1"/>
        <line num="7" count="5" type="stmt"/>
        <line num="8" count="5" type="stmt"/>
        <line num="9" count="5" type="stmt"/>
        <line num="10" count="5" type="stmt"/>
        <line num="11" count="5" type="stmt"/>
        <line num="25" count="5" type="stmt"/>
        <line num="26" count="4" type="stmt"/>
        <line num="27" count="4" type="stmt"/>
        <line num="29" count="4" type="cond" truecount="4" falsecount="0"/>
        <line num="30" count="2" type="stmt"/>
        <line num="33" count="2" type="stmt"/>
        <line num="34" count="2" type="cond" truecount="1" falsecount="1"/>
        <line num="35" count="2" type="cond" truecount="1" falsecount="1"/>
        <line num="37" count="2" type="stmt"/>
        <line num="39" count="2" type="stmt"/>
        <line num="49" count="2" type="stmt"/>
        <line num="51" count="2" type="cond" truecount="2" falsecount="0"/>
        <line num="52" count="1" type="stmt"/>
        <line num="55" count="1" type="stmt"/>
        <line num="56" count="1" type="stmt"/>
        <line num="58" count="3" type="stmt"/>
        <line num="59" count="3" type="stmt"/>
        <line num="63" count="5" type="stmt"/>
      </file>
    </package>
    <package name="server.services">
      <metrics statements="5" coveredstatements="5" conditionals="2" coveredconditionals="1" methods="0" coveredmethods="0"/>
      <file name="gemini.js" path="E:\prompt wars\chunav-saathi\server\services\gemini.js">
        <metrics statements="5" coveredstatements="5" conditionals="2" coveredconditionals="1" methods="0" coveredmethods="0"/>
        <line num="6" count="5" type="stmt"/>
        <line num="8" count="5" type="cond" truecount="1" falsecount="1"/>
        <line num="10" count="5" type="stmt"/>
        <line num="15" count="5" type="stmt"/>
        <line num="19" count="5" type="stmt"/>
      </file>
    </package>
    <package name="server.utils">
      <metrics statements="36" coveredstatements="35" conditionals="17" coveredconditionals="17" methods="8" coveredmethods="7"/>
      <file name="AppError.js" path="E:\prompt wars\chunav-saathi\server\utils\AppError.js">
        <metrics statements="6" coveredstatements="6" conditionals="0" coveredconditionals="0" methods="1" coveredmethods="1"/>
        <line num="18" count="6" type="stmt"/>
        <line num="19" count="6" type="stmt"/>
        <line num="20" count="6" type="stmt"/>
        <line num="21" count="6" type="stmt"/>
        <line num="22" count="6" type="stmt"/>
        <line num="25" count="6" type="stmt"/>
      </file>
      <file name="logger.js" path="E:\prompt wars\chunav-saathi\server\utils\logger.js">
        <metrics statements="11" coveredstatements="10" conditionals="3" coveredconditionals="3" methods="4" coveredmethods="3"/>
        <line num="11" count="6" type="stmt"/>
        <line num="19" count="6" type="cond" truecount="1" falsecount="0"/>
        <line num="20" count="12" type="stmt"/>
        <line num="27" count="12" type="cond" truecount="2" falsecount="0"/>
        <line num="28" count="8" type="stmt"/>
        <line num="30" count="4" type="stmt"/>
        <line num="34" count="6" type="stmt"/>
        <line num="40" count="4" type="stmt"/>
        <line num="46" count="0" type="stmt"/>
        <line num="52" count="8" type="stmt"/>
        <line num="55" count="6" type="stmt"/>
      </file>
      <file name="validators.js" path="E:\prompt wars\chunav-saathi\server\utils\validators.js">
        <metrics statements="19" coveredstatements="19" conditionals="14" coveredconditionals="14" methods="3" coveredmethods="3"/>
        <line num="6" count="1" type="stmt"/>
        <line num="12" count="1" type="stmt"/>
        <line num="25" count="1" type="stmt"/>
        <line num="26" count="5" type="cond" truecount="4" falsecount="0"/>
        <line num="27" count="2" type="stmt"/>
        <line num="29" count="3" type="stmt"/>
        <line num="30" count="3" type="cond" truecount="2" falsecount="0"/>
        <line num="31" count="1" type="stmt"/>
        <line num="33" count="2" type="cond" truecount="2" falsecount="0"/>
        <line num="34" count="1" type="stmt"/>
        <line num="37" count="1" type="stmt"/>
        <line num="38" count="1" type="stmt"/>
        <line num="48" count="1" type="stmt"/>
        <line num="49" count="4" type="cond" truecount="4" falsecount="0"/>
        <line num="50" count="1" type="stmt"/>
        <line num="52" count="45" type="cond" truecount="2" falsecount="0"/>
        <line num="53" count="1" type="stmt"/>
        <line num="58" count="2" type="stmt"/>
        <line num="61" count="1" type="stmt"/>
      </file>
    </package>
  </project>
</coverage>
