{"E:\\prompt wars\\chunav-saathi\\server\\index.js": {"path":"E:\\prompt wars\\chunav-saathi\\server\\index.js","statementMap":{"0":{"start":{"line":1,"column":0},"end":{"line":3,"column":1}},"1":{"start":{"line":2,"column":2},"end":{"line":2,"column":29}},"2":{"start":{"line":4,"column":16},"end":{"line":4,"column":34}},"3":{"start":{"line":5,"column":13},"end":{"line":5,"column":28}},"4":{"start":{"line":6,"column":13},"end":{"line":6,"column":28}},"5":{"start":{"line":8,"column":20},"end":{"line":8,"column":55}},"6":{"start":{"line":9,"column":19},"end":{"line":9,"column":43}},"7":{"start":{"line":10,"column":19},"end":{"line":10,"column":43}},"8":{"start":{"line":11,"column":18},"end":{"line":11,"column":41}},"9":{"start":{"line":12,"column":15},"end":{"line":12,"column":40}},"10":{"start":{"line":13,"column":17},"end":{"line":13,"column":44}},"11":{"start":{"line":15,"column":12},"end":{"line":15,"column":21}},"12":{"start":{"line":16,"column":13},"end":{"line":16,"column":37}},"13":{"start":{"line":19,"column":0},"end":{"line":19,"column":26}},"14":{"start":{"line":22,"column":24},"end":{"line":26,"column":1}},"15":{"start":{"line":28,"column":0},"end":{"line":47,"column":4}},"16":{"start":{"line":39,"column":4},"end":{"line":43,"column":5}},"17":{"start":{"line":40,"column":6},"end":{"line":40,"column":27}},"18":{"start":{"line":42,"column":6},"end":{"line":42,"column":93}},"19":{"start":{"line":48,"column":0},"end":{"line":48,"column":24}},"20":{"start":{"line":49,"column":0},"end":{"line":49,"column":59}},"21":{"start":{"line":52,"column":0},"end":{"line":52,"column":29}},"22":{"start":{"line":55,"column":0},"end":{"line":55,"column":28}},"23":{"start":{"line":56,"column":0},"end":{"line":56,"column":33}},"24":{"start":{"line":57,"column":0},"end":{"line":57,"column":31}},"25":{"start":{"line":67,"column":0},"end":{"line":73,"column":3}},"26":{"start":{"line":68,"column":2},"end":{"line":72,"column":5}},"27":{"start":{"line":83,"column":0},"end":{"line":85,"column":3}},"28":{"start":{"line":84,"column":2},"end":{"line":84,"column":61}},"29":{"start":{"line":91,"column":0},"end":{"line":110,"column":3}},"30":{"start":{"line":92,"column":21},"end":{"line":92,"column":42}},"31":{"start":{"line":93,"column":18},"end":{"line":93,"column":56}},"32":{"start":{"line":95,"column":2},"end":{"line":100,"column":5}},"33":{"start":{"line":102,"column":2},"end":{"line":109,"column":5}},"34":{"start":{"line":112,"column":0},"end":{"line":116,"column":1}},"35":{"start":{"line":113,"column":2},"end":{"line":115,"column":5}},"36":{"start":{"line":114,"column":4},"end":{"line":114,"column":57}},"37":{"start":{"line":118,"column":0},"end":{"line":118,"column":21}}},"fnMap":{"0":{"name":"(anonymous_0)","decl":{"start":{"line":37,"column":10},"end":{"line":37,"column":11}},"loc":{"start":{"line":37,"column":32},"end":{"line":44,"column":3}},"line":37},"1":{"name":"(anonymous_1)","decl":{"start":{"line":67,"column":19},"end":{"line":67,"column":20}},"loc":{"start":{"line":67,"column":33},"end":{"line":73,"column":1}},"line":67},"2":{"name":"(anonymous_2)","decl":{"start":{"line":83,"column":13},"end":{"line":83,"column":14}},"loc":{"start":{"line":83,"column":27},"end":{"line":85,"column":1}},"line":83},"3":{"name":"(anonymous_3)","decl":{"start":{"line":91,"column":8},"end":{"line":91,"column":9}},"loc":{"start":{"line":91,"column":33},"end":{"line":110,"column":1}},"line":91},"4":{"name":"(anonymous_4)","decl":{"start":{"line":113,"column":19},"end":{"line":113,"column":20}},"loc":{"start":{"line":113,"column":25},"end":{"line":115,"column":3}},"line":113}},"branchMap":{"0":{"loc":{"start":{"line":1,"column":0},"end":{"line":3,"column":1}},"type":"if","locations":[{"start":{"line":1,"column":0},"end":{"line":3,"column":1}},{"start":{},"end":{}}],"line":1},"1":{"loc":{"start":{"line":16,"column":13},"end":{"line":16,"column":37}},"type":"binary-expr","locations":[{"start":{"line":16,"column":13},"end":{"line":16,"column":29}},{"start":{"line":16,"column":33},"end":{"line":16,"column":37}}],"line":16},"2":{"loc":{"start":{"line":39,"column":4},"end":{"line":43,"column":5}},"type":"if","locations":[{"start":{"line":39,"column":4},"end":{"line":43,"column":5}},{"start":{"line":41,"column":11},"end":{"line":43,"column":5}}],"line":39},"3":{"loc":{"start":{"line":39,"column":8},"end":{"line":39,"column":51}},"type":"binary-expr","locations":[{"start":{"line":39,"column":8},"end":{"line":39,"column":15}},{"start":{"line":39,"column":19},"end":{"line":39,"column":51}}],"line":39},"4":{"loc":{"start":{"line":92,"column":21},"end":{"line":92,"column":42}},"type":"binary-expr","locations":[{"start":{"line":92,"column":21},"end":{"line":92,"column":35}},{"start":{"line":92,"column":39},"end":{"line":92,"column":42}}],"line":92},"5":{"loc":{"start":{"line":93,"column":18},"end":{"line":93,"column":56}},"type":"binary-expr","locations":[{"start":{"line":93,"column":18},"end":{"line":93,"column":29}},{"start":{"line":93,"column":33},"end":{"line":93,"column":56}}],"line":93},"6":{"loc":{"start":{"line":104,"column":13},"end":{"line":106,"column":15}},"type":"cond-expr","locations":[{"start":{"line":105,"column":8},"end":{"line":105,"column":30}},{"start":{"line":106,"column":8},"end":{"line":106,"column":15}}],"line":104},"7":{"loc":{"start":{"line":107,"column":10},"end":{"line":107,"column":38}},"type":"binary-expr","locations":[{"start":{"line":107,"column":10},"end":{"line":107,"column":18}},{"start":{"line":107,"column":22},"end":{"line":107,"column":38}}],"line":107},"8":{"loc":{"start":{"line":112,"column":0},"end":{"line":116,"column":1}},"type":"if","locations":[{"start":{"line":112,"column":0},"end":{"line":116,"column":1}},{"start":{},"end":{}}],"line":112}},"s":{"0":5,"1":5,"2":5,"3":5,"4":5,"5":5,"6":5,"7":5,"8":5,"9":5,"10":5,"11":5,"12":5,"13":5,"14":5,"15":5,"16":34,"17":33,"18":1,"19":5,"20":5,"21":5,"22":5,"23":5,"24":5,"25":5,"26":2,"27":5,"28":1,"29":5,"30":4,"31":4,"32":4,"33":4,"34":5,"35":0,"36":0,"37":5},"f":{"0":34,"1":2,"2":1,"3":4,"4":0},"b":{"0":[5,0],"1":[5,0],"2":[33,1],"3":[34,2],"4":[4,0],"5":[4,0],"6":[0,4],"7":[4,3],"8":[0,5]},"_coverageSchema":"1a1c01bbd47fc00a2c39e90264f33305004495a9","hash":"dd674d9e14b22aa3a480ba487f7049cdedea2872"}
,"E:\\prompt wars\\chunav-saathi\\server\\data\\knowledgeBase.js": {"path":"E:\\prompt wars\\chunav-saathi\\server\\data\\knowledgeBase.js","statementMap":{"0":{"start":{"line":1,"column":20},"end":{"line":22,"column":1}},"1":{"start":{"line":24,"column":29},"end":{"line":179,"column":1}},"2":{"start":{"line":181,"column":27},"end":{"line":281,"column":1}},"3":{"start":{"line":283,"column":0},"end":{"line":283,"column":75}}},"fnMap":{},"branchMap":{},"s":{"0":5,"1":5,"2":5,"3":5},"f":{},"b":{},"_coverageSchema":"1a1c01bbd47fc00a2c39e90264f33305004495a9","hash":"336ba285e37ce4f8fb6627322a9dff035f8579c0"}
,"E:\\prompt wars\\chunav-saathi\\server\\middleware\\rateLimiter.js": {"path":"E:\\prompt wars\\chunav-saathi\\server\\middleware\\rateLimiter.js","statementMap":{"0":{"start":{"line":6,"column":18},"end":{"line":6,"column":47}},"1":{"start":{"line":13,"column":16},"end":{"line":19,"column":2}},"2":{"start":{"line":21,"column":0},"end":{"line":21,"column":25}}},"fnMap":{},"branchMap":{},"s":{"0":5,"1":5,"2":5},"f":{},"b":{},"_coverageSchema":"1a1c01bbd47fc00a2c39e90264f33305004495a9","hash":"fa02172e183257fb1fdc8451d0bfb69968df6b89"}
,"E:\\prompt wars\\chunav-saathi\\server\\prompts\\systemPrompt.js": {"path":"E:\\prompt wars\\chunav-saathi\\server\\prompts\\systemPrompt.js","statementMap":{"0":{"start":{"line":1,"column":22},"end":{"line":8,"column":102}},"1":{"start":{"line":10,"column":0},"end":{"line":10,"column":35}}},"fnMap":{},"branchMap":{},"s":{"0":5,"1":5},"f":{},"b":{},"_coverageSchema":"1a1c01bbd47fc00a2c39e90264f33305004495a9","hash":"393fcaf3bf8e4eb41767964e8a8a7b0aba4318bd"}
,"E:\\prompt wars\\chunav-saathi\\server\\routes\\chat.js": {"path":"E:\\prompt wars\\chunav-saathi\\server\\routes\\chat.js","statementMap":{"0":{"start":{"line":15,"column":16},"end":{"line":15,"column":34}},"1":{"start":{"line":16,"column":15},"end":{"line":16,"column":31}},"2":{"start":{"line":17,"column":22},"end":{"line":17,"column":51}},"3":{"start":{"line":18,"column":53},"end":{"line":18,"column":85}},"4":{"start":{"line":21,"column":16},"end":{"line":21,"column":112}},"5":{"start":{"line":23,"column":14},"end":{"line":23,"column":40}},"6":{"start":{"line":25,"column":26},"end":{"line":25,"column":60}},"7":{"start":{"line":28,"column":29},"end":{"line":28,"column":31}},"8":{"start":{"line":39,"column":0},"end":{"line":172,"column":3}},"9":{"start":{"line":40,"column":2},"end":{"line":171,"column":3}},"10":{"start":{"line":41,"column":39},"end":{"line":41,"column":47}},"11":{"start":{"line":42,"column":19},"end":{"line":42,"column":25}},"12":{"start":{"line":43,"column":17},"end":{"line":43,"column":30}},"13":{"start":{"line":46,"column":4},"end":{"line":48,"column":5}},"14":{"start":{"line":47,"column":6},"end":{"line":47,"column":102}},"15":{"start":{"line":50,"column":21},"end":{"line":50,"column":49}},"16":{"start":{"line":53,"column":4},"end":{"line":91,"column":5}},"17":{"start":{"line":54,"column":22},"end":{"line":54,"column":50}},"18":{"start":{"line":56,"column":6},"end":{"line":71,"column":7}},"19":{"start":{"line":57,"column":8},"end":{"line":57,"column":29}},"20":{"start":{"line":58,"column":8},"end":{"line":70,"column":9}},"21":{"start":{"line":59,"column":10},"end":{"line":63,"column":13}},"22":{"start":{"line":65,"column":10},"end":{"line":65,"column":46}},"23":{"start":{"line":66,"column":10},"end":{"line":69,"column":13}},"24":{"start":{"line":73,"column":6},"end":{"line":82,"column":7}},"25":{"start":{"line":74,"column":8},"end":{"line":81,"column":9}},"26":{"start":{"line":75,"column":10},"end":{"line":75,"column":31}},"27":{"start":{"line":76,"column":10},"end":{"line":80,"column":13}},"28":{"start":{"line":84,"column":6},"end":{"line":90,"column":7}},"29":{"start":{"line":85,"column":8},"end":{"line":85,"column":44}},"30":{"start":{"line":86,"column":8},"end":{"line":89,"column":11}},"31":{"start":{"line":99,"column":27},"end":{"line":112,"column":5}},"32":{"start":{"line":100,"column":22},"end":{"line":100,"column":26}},"33":{"start":{"line":101,"column":21},"end":{"line":101,"column":22}},"34":{"start":{"line":102,"column":6},"end":{"line":110,"column":7}},"35":{"start":{"line":103,"column":20},"end":{"line":103,"column":21}},"36":{"start":{"line":104,"column":8},"end":{"line":104,"column":65}},"37":{"start":{"line":104,"column":53},"end":{"line":104,"column":65}},"38":{"start":{"line":105,"column":8},"end":{"line":105,"column":94}},"39":{"start":{"line":105,"column":38},"end":{"line":105,"column":90}},"40":{"start":{"line":105,"column":79},"end":{"line":105,"column":90}},"41":{"start":{"line":106,"column":8},"end":{"line":109,"column":9}},"42":{"start":{"line":107,"column":10},"end":{"line":107,"column":27}},"43":{"start":{"line":108,"column":10},"end":{"line":108,"column":27}},"44":{"start":{"line":111,"column":6},"end":{"line":111,"column":46}},"45":{"start":{"line":114,"column":16},"end":{"line":114,"column":96}},"46":{"start":{"line":115,"column":4},"end":{"line":115,"column":105}},"47":{"start":{"line":115,"column":16},"end":{"line":115,"column":105}},"48":{"start":{"line":117,"column":4},"end":{"line":128,"column":5}},"49":{"start":{"line":118,"column":6},"end":{"line":126,"column":7}},"50":{"start":{"line":119,"column":8},"end":{"line":119,"column":77}},"51":{"start":{"line":120,"column":8},"end":{"line":125,"column":11}},"52":{"start":{"line":127,"column":6},"end":{"line":127,"column":79}},"53":{"start":{"line":131,"column":4},"end":{"line":136,"column":5}},"54":{"start":{"line":132,"column":6},"end":{"line":135,"column":9}},"55":{"start":{"line":138,"column":17},"end":{"line":140,"column":6}},"56":{"start":{"line":143,"column":24},"end":{"line":143,"column":71}},"57":{"start":{"line":144,"column":19},"end":{"line":144,"column":54}},"58":{"start":{"line":145,"column":21},"end":{"line":145,"column":42}},"59":{"start":{"line":146,"column":18},"end":{"line":146,"column":33}},"60":{"start":{"line":148,"column":4},"end":{"line":151,"column":7}},"61":{"start":{"line":154,"column":4},"end":{"line":154,"column":58}},"62":{"start":{"line":155,"column":17},"end":{"line":155,"column":39}},"63":{"start":{"line":158,"column":4},"end":{"line":165,"column":5}},"64":{"start":{"line":159,"column":6},"end":{"line":164,"column":9}},"65":{"start":{"line":167,"column":4},"end":{"line":170,"column":7}},"66":{"start":{"line":174,"column":0},"end":{"line":174,"column":24}}},"fnMap":{"0":{"name":"(anonymous_0)","decl":{"start":{"line":39,"column":21},"end":{"line":39,"column":22}},"loc":{"start":{"line":39,"column":41},"end":{"line":172,"column":1}},"line":39},"1":{"name":"(anonymous_1)","decl":{"start":{"line":99,"column":27},"end":{"line":99,"column":28}},"loc":{"start":{"line":99,"column":35},"end":{"line":112,"column":5}},"line":99},"2":{"name":"(anonymous_2)","decl":{"start":{"line":105,"column":30},"end":{"line":105,"column":31}},"loc":{"start":{"line":105,"column":36},"end":{"line":105,"column":92}},"line":105}},"branchMap":{"0":{"loc":{"start":{"line":21,"column":17},"end":{"line":21,"column":49}},"type":"binary-expr","locations":[{"start":{"line":21,"column":17},"end":{"line":21,"column":43}},{"start":{"line":21,"column":47},"end":{"line":21,"column":49}}],"line":21},"1":{"loc":{"start":{"line":23,"column":14},"end":{"line":23,"column":40}},"type":"cond-expr","locations":[{"start":{"line":23,"column":24},"end":{"line":23,"column":33}},{"start":{"line":23,"column":36},"end":{"line":23,"column":40}}],"line":23},"2":{"loc":{"start":{"line":46,"column":4},"end":{"line":48,"column":5}},"type":"if","locations":[{"start":{"line":46,"column":4},"end":{"line":48,"column":5}},{"start":{},"end":{}}],"line":46},"3":{"loc":{"start":{"line":46,"column":8},"end":{"line":46,"column":40}},"type":"binary-expr","locations":[{"start":{"line":46,"column":8},"end":{"line":46,"column":16}},{"start":{"line":46,"column":20},"end":{"line":46,"column":40}}],"line":46},"4":{"loc":{"start":{"line":53,"column":4},"end":{"line":91,"column":5}},"type":"if","locations":[{"start":{"line":53,"column":4},"end":{"line":91,"column":5}},{"start":{},"end":{}}],"line":53},"5":{"loc":{"start":{"line":56,"column":6},"end":{"line":71,"column":7}},"type":"if","locations":[{"start":{"line":56,"column":6},"end":{"line":71,"column":7}},{"start":{},"end":{}}],"line":56},"6":{"loc":{"start":{"line":56,"column":10},"end":{"line":56,"column":84}},"type":"binary-expr","locations":[{"start":{"line":56,"column":10},"end":{"line":56,"column":34}},{"start":{"line":56,"column":38},"end":{"line":56,"column":61}},{"start":{"line":56,"column":65},"end":{"line":56,"column":84}}],"line":56},"7":{"loc":{"start":{"line":58,"column":8},"end":{"line":70,"column":9}},"type":"if","locations":[{"start":{"line":58,"column":8},"end":{"line":70,"column":9}},{"start":{"line":64,"column":15},"end":{"line":70,"column":9}}],"line":58},"8":{"loc":{"start":{"line":62,"column":26},"end":{"line":62,"column":57}},"type":"cond-expr","locations":[{"start":{"line":62,"column":33},"end":{"line":62,"column":43}},{"start":{"line":62,"column":46},"end":{"line":62,"column":57}}],"line":62},"9":{"loc":{"start":{"line":62,"column":59},"end":{"line":62,"column":102}},"type":"cond-expr","locations":[{"start":{"line":62,"column":66},"end":{"line":62,"column":84}},{"start":{"line":62,"column":87},"end":{"line":62,"column":102}}],"line":62},"10":{"loc":{"start":{"line":67,"column":19},"end":{"line":67,"column":141}},"type":"cond-expr","locations":[{"start":{"line":67,"column":26},"end":{"line":67,"column":80}},{"start":{"line":67,"column":83},"end":{"line":67,"column":141}}],"line":67},"11":{"loc":{"start":{"line":68,"column":26},"end":{"line":68,"column":82}},"type":"cond-expr","locations":[{"start":{"line":68,"column":33},"end":{"line":68,"column":56}},{"start":{"line":68,"column":59},"end":{"line":68,"column":82}}],"line":68},"12":{"loc":{"start":{"line":68,"column":84},"end":{"line":68,"column":141}},"type":"cond-expr","locations":[{"start":{"line":68,"column":91},"end":{"line":68,"column":110}},{"start":{"line":68,"column":113},"end":{"line":68,"column":141}}],"line":68},"13":{"loc":{"start":{"line":73,"column":6},"end":{"line":82,"column":7}},"type":"if","locations":[{"start":{"line":73,"column":6},"end":{"line":82,"column":7}},{"start":{},"end":{}}],"line":73},"14":{"loc":{"start":{"line":73,"column":10},"end":{"line":73,"column":116}},"type":"binary-expr","locations":[{"start":{"line":73,"column":10},"end":{"line":73,"column":38}},{"start":{"line":73,"column":42},"end":{"line":73,"column":66}},{"start":{"line":73,"column":70},"end":{"line":73,"column":89}},{"start":{"line":73,"column":93},"end":{"line":73,"column":116}}],"line":73},"15":{"loc":{"start":{"line":74,"column":8},"end":{"line":81,"column":9}},"type":"if","locations":[{"start":{"line":74,"column":8},"end":{"line":81,"column":9}},{"start":{},"end":{}}],"line":74},"16":{"loc":{"start":{"line":79,"column":26},"end":{"line":79,"column":57}},"type":"cond-expr","locations":[{"start":{"line":79,"column":33},"end":{"line":79,"column":43}},{"start":{"line":79,"column":46},"end":{"line":79,"column":57}}],"line":79},"17":{"loc":{"start":{"line":79,"column":59},"end":{"line":79,"column":102}},"type":"cond-expr","locations":[{"start":{"line":79,"column":66},"end":{"line":79,"column":84}},{"start":{"line":79,"column":87},"end":{"line":79,"column":102}}],"line":79},"18":{"loc":{"start":{"line":84,"column":6},"end":{"line":90,"column":7}},"type":"if","locations":[{"start":{"line":84,"column":6},"end":{"line":90,"column":7}},{"start":{},"end":{}}],"line":84},"19":{"loc":{"start":{"line":84,"column":10},"end":{"line":84,"column":96}},"type":"binary-expr","locations":[{"start":{"line":84,"column":10},"end":{"line":84,"column":38}},{"start":{"line":84,"column":42},"end":{"line":84,"column":73}},{"start":{"line":84,"column":77},"end":{"line":84,"column":96}}],"line":84},"20":{"loc":{"start":{"line":87,"column":17},"end":{"line":87,"column":172}},"type":"cond-expr","locations":[{"start":{"line":87,"column":24},"end":{"line":87,"column":100}},{"start":{"line":87,"column":103},"end":{"line":87,"column":172}}],"line":87},"21":{"loc":{"start":{"line":88,"column":24},"end":{"line":88,"column":57}},"type":"cond-expr","locations":[{"start":{"line":88,"column":31},"end":{"line":88,"column":43}},{"start":{"line":88,"column":46},"end":{"line":88,"column":57}}],"line":88},"22":{"loc":{"start":{"line":104,"column":8},"end":{"line":104,"column":65}},"type":"if","locations":[{"start":{"line":104,"column":8},"end":{"line":104,"column":65}},{"start":{},"end":{}}],"line":104},"23":{"loc":{"start":{"line":105,"column":38},"end":{"line":105,"column":90}},"type":"if","locations":[{"start":{"line":105,"column":38},"end":{"line":105,"column":90}},{"start":{},"end":{}}],"line":105},"24":{"loc":{"start":{"line":106,"column":8},"end":{"line":109,"column":9}},"type":"if","locations":[{"start":{"line":106,"column":8},"end":{"line":109,"column":9}},{"start":{},"end":{}}],"line":106},"25":{"loc":{"start":{"line":111,"column":13},"end":{"line":111,"column":45}},"type":"cond-expr","locations":[{"start":{"line":111,"column":29},"end":{"line":111,"column":38}},{"start":{"line":111,"column":41},"end":{"line":111,"column":45}}],"line":111},"26":{"loc":{"start":{"line":114,"column":16},"end":{"line":114,"column":96}},"type":"cond-expr","locations":[{"start":{"line":114,"column":23},"end":{"line":114,"column":57}},{"start":{"line":114,"column":60},"end":{"line":114,"column":96}}],"line":114},"27":{"loc":{"start":{"line":115,"column":4},"end":{"line":115,"column":105}},"type":"if","locations":[{"start":{"line":115,"column":4},"end":{"line":115,"column":105}},{"start":{},"end":{}}],"line":115},"28":{"loc":{"start":{"line":115,"column":24},"end":{"line":115,"column":104}},"type":"cond-expr","locations":[{"start":{"line":115,"column":31},"end":{"line":115,"column":67}},{"start":{"line":115,"column":70},"end":{"line":115,"column":104}}],"line":115},"29":{"loc":{"start":{"line":117,"column":4},"end":{"line":128,"column":5}},"type":"if","locations":[{"start":{"line":117,"column":4},"end":{"line":128,"column":5}},{"start":{},"end":{}}],"line":117},"30":{"loc":{"start":{"line":118,"column":6},"end":{"line":126,"column":7}},"type":"if","locations":[{"start":{"line":118,"column":6},"end":{"line":126,"column":7}},{"start":{},"end":{}}],"line":118},"31":{"loc":{"start":{"line":118,"column":10},"end":{"line":118,"column":47}},"type":"binary-expr","locations":[{"start":{"line":118,"column":10},"end":{"line":118,"column":21}},{"start":{"line":118,"column":25},"end":{"line":118,"column":47}}],"line":118},"32":{"loc":{"start":{"line":123,"column":24},"end":{"line":123,"column":55}},"type":"cond-expr","locations":[{"start":{"line":123,"column":31},"end":{"line":123,"column":41}},{"start":{"line":123,"column":44},"end":{"line":123,"column":55}}],"line":123},"33":{"loc":{"start":{"line":123,"column":57},"end":{"line":123,"column":100}},"type":"cond-expr","locations":[{"start":{"line":123,"column":64},"end":{"line":123,"column":82}},{"start":{"line":123,"column":85},"end":{"line":123,"column":100}}],"line":123},"34":{"loc":{"start":{"line":131,"column":4},"end":{"line":136,"column":5}},"type":"if","locations":[{"start":{"line":131,"column":4},"end":{"line":136,"column":5}},{"start":{},"end":{}}],"line":131},"35":{"loc":{"start":{"line":133,"column":15},"end":{"line":133,"column":88}},"type":"cond-expr","locations":[{"start":{"line":133,"column":22},"end":{"line":133,"column":54}},{"start":{"line":133,"column":57},"end":{"line":133,"column":88}}],"line":133},"36":{"loc":{"start":{"line":139,"column":15},"end":{"line":139,"column":28}},"type":"binary-expr","locations":[{"start":{"line":139,"column":15},"end":{"line":139,"column":22}},{"start":{"line":139,"column":26},"end":{"line":139,"column":28}}],"line":139},"37":{"loc":{"start":{"line":158,"column":4},"end":{"line":165,"column":5}},"type":"if","locations":[{"start":{"line":158,"column":4},"end":{"line":165,"column":5}},{"start":{},"end":{}}],"line":158},"38":{"loc":{"start":{"line":158,"column":8},"end":{"line":158,"column":139}},"type":"binary-expr","locations":[{"start":{"line":158,"column":8},"end":{"line":158,"column":21}},{"start":{"line":158,"column":26},"end":{"line":158,"column":55}},{"start":{"line":158,"column":59},"end":{"line":158,"column":90}},{"start":{"line":158,"column":94},"end":{"line":158,"column":138}}],"line":158},"39":{"loc":{"start":{"line":160,"column":15},"end":{"line":162,"column":60}},"type":"cond-expr","locations":[{"start":{"line":161,"column":12},"end":{"line":161,"column":75}},{"start":{"line":162,"column":12},"end":{"line":162,"column":60}}],"line":160},"40":{"loc":{"start":{"line":168,"column":13},"end":{"line":168,"column":107}},"type":"cond-expr","locations":[{"start":{"line":168,"column":20},"end":{"line":168,"column":60}},{"start":{"line":168,"column":63},"end":{"line":168,"column":107}}],"line":168}},"s":{"0":5,"1":5,"2":5,"3":5,"4":5,"5":5,"6":5,"7":5,"8":5,"9":23,"10":23,"11":23,"12":23,"13":23,"14":2,"15":21,"16":21,"17":14,"18":14,"19":9,"20":9,"21":8,"22":1,"23":1,"24":5,"25":1,"26":1,"27":1,"28":4,"29":1,"30":1,"31":10,"32":14,"33":14,"34":14,"35":308,"36":308,"37":5,"38":308,"39":1108,"40":21,"41":308,"42":6,"43":6,"44":14,"45":10,"46":10,"47":4,"48":10,"49":6,"50":5,"51":5,"52":1,"53":4,"54":0,"55":4,"56":4,"57":4,"58":2,"59":2,"60":2,"61":2,"62":2,"63":2,"64":1,"65":1,"66":5},"f":{"0":23,"1":14,"2":1108},"b":{"0":[5,0],"1":[5,0],"2":[2,21],"3":[23,22],"4":[14,7],"5":[9,5],"6":[14,5,5],"7":[8,1],"8":[0,8],"9":[0,8],"10":[0,1],"11":[0,1],"12":[0,1],"13":[1,4],"14":[5,4,4,4],"15":[1,0],"16":[0,1],"17":[0,1],"18":[1,3],"19":[4,3,3],"20":[0,1],"21":[0,1],"22":[5,303],"23":[21,1087],"24":[6,302],"25":[6,8],"26":[0,10],"27":[4,6],"28":[0,4],"29":[6,4],"30":[5,1],"31":[6,5],"32":[0,5],"33":[0,5],"34":[0,4],"35":[0,0],"36":[4,4],"37":[1,1],"38":[2,2,1,1],"39":[0,1],"40":[0,1]},"_coverageSchema":"1a1c01bbd47fc00a2c39e90264f33305004495a9","hash":"67d5980f98250835e53152234d8ed6edd3e19768"}
,"E:\\prompt wars\\chunav-saathi\\server\\routes\\quiz.js": {"path":"E:\\prompt wars\\chunav-saathi\\server\\routes\\quiz.js","statementMap":{"0":{"start":{"line":12,"column":16},"end":{"line":12,"column":34}},"1":{"start":{"line":13,"column":15},"end":{"line":13,"column":31}},"2":{"start":{"line":14,"column":22},"end":{"line":14,"column":51}},"3":{"start":{"line":16,"column":18},"end":{"line":105,"column":1}},"4":{"start":{"line":107,"column":24},"end":{"line":148,"column":1}},"5":{"start":{"line":151,"column":15},"end":{"line":151,"column":98}},"6":{"start":{"line":152,"column":0},"end":{"line":155,"column":3}},"7":{"start":{"line":153,"column":2},"end":{"line":153,"column":71}},"8":{"start":{"line":153,"column":27},"end":{"line":153,"column":71}},"9":{"start":{"line":154,"column":2},"end":{"line":154,"column":53}},"10":{"start":{"line":154,"column":21},"end":{"line":154,"column":53}},"11":{"start":{"line":166,"column":0},"end":{"line":191,"column":3}},"12":{"start":{"line":167,"column":33},"end":{"line":167,"column":41}},"13":{"start":{"line":169,"column":2},"end":{"line":171,"column":3}},"14":{"start":{"line":170,"column":4},"end":{"line":170,"column":64}},"15":{"start":{"line":174,"column":2},"end":{"line":178,"column":3}},"16":{"start":{"line":175,"column":4},"end":{"line":177,"column":7}},"17":{"start":{"line":181,"column":18},"end":{"line":181,"column":61}},"18":{"start":{"line":184,"column":20},"end":{"line":184,"column":34}},"19":{"start":{"line":186,"column":2},"end":{"line":190,"column":5}},"20":{"start":{"line":193,"column":0},"end":{"line":193,"column":24}}},"fnMap":{"0":{"name":"(anonymous_0)","decl":{"start":{"line":152,"column":15},"end":{"line":152,"column":16}},"loc":{"start":{"line":152,"column":20},"end":{"line":155,"column":1}},"line":152},"1":{"name":"(anonymous_1)","decl":{"start":{"line":166,"column":25},"end":{"line":166,"column":26}},"loc":{"start":{"line":166,"column":45},"end":{"line":191,"column":1}},"line":166}},"branchMap":{"0":{"loc":{"start":{"line":153,"column":2},"end":{"line":153,"column":71}},"type":"if","locations":[{"start":{"line":153,"column":2},"end":{"line":153,"column":71}},{"start":{},"end":{}}],"line":153},"1":{"loc":{"start":{"line":154,"column":2},"end":{"line":154,"column":53}},"type":"if","locations":[{"start":{"line":154,"column":2},"end":{"line":154,"column":53}},{"start":{},"end":{}}],"line":154},"2":{"loc":{"start":{"line":167,"column":17},"end":{"line":167,"column":28}},"type":"default-arg","locations":[{"start":{"line":167,"column":24},"end":{"line":167,"column":28}}],"line":167},"3":{"loc":{"start":{"line":169,"column":2},"end":{"line":171,"column":3}},"type":"if","locations":[{"start":{"line":169,"column":2},"end":{"line":171,"column":3}},{"start":{},"end":{}}],"line":169},"4":{"loc":{"start":{"line":174,"column":2},"end":{"line":178,"column":3}},"type":"if","locations":[{"start":{"line":174,"column":2},"end":{"line":178,"column":3}},{"start":{},"end":{}}],"line":174},"5":{"loc":{"start":{"line":181,"column":18},"end":{"line":181,"column":61}},"type":"cond-expr","locations":[{"start":{"line":181,"column":34},"end":{"line":181,"column":49}},{"start":{"line":181,"column":52},"end":{"line":181,"column":61}}],"line":181}},"s":{"0":5,"1":5,"2":5,"3":5,"4":5,"5":5,"6":5,"7":40,"8":15,"9":40,"10":0,"11":5,"12":3,"13":3,"14":1,"15":2,"16":1,"17":1,"18":1,"19":1,"20":5},"f":{"0":40,"1":3},"b":{"0":[15,25],"1":[0,40],"2":[3],"3":[1,2],"4":[1,1],"5":[0,1]},"_coverageSchema":"1a1c01bbd47fc00a2c39e90264f33305004495a9","hash":"662c2cf1398fbf22a4ec1e5e93d2df5ac65003cb"}
,"E:\\prompt wars\\chunav-saathi\\server\\routes\\tts.js": {"path":"E:\\prompt wars\\chunav-saathi\\server\\routes\\tts.js","statementMap":{"0":{"start":{"line":7,"column":16},"end":{"line":7,"column":34}},"1":{"start":{"line":8,"column":15},"end":{"line":8,"column":31}},"2":{"start":{"line":9,"column":17},"end":{"line":9,"column":45}},"3":{"start":{"line":10,"column":15},"end":{"line":10,"column":41}},"4":{"start":{"line":11,"column":31},"end":{"line":11,"column":60}},"5":{"start":{"line":25,"column":0},"end":{"line":61,"column":3}},"6":{"start":{"line":26,"column":2},"end":{"line":60,"column":3}},"7":{"start":{"line":27,"column":21},"end":{"line":27,"column":30}},"8":{"start":{"line":29,"column":4},"end":{"line":31,"column":5}},"9":{"start":{"line":30,"column":6},"end":{"line":30,"column":102}},"10":{"start":{"line":33,"column":21},"end":{"line":33,"column":49}},"11":{"start":{"line":34,"column":25},"end":{"line":34,"column":53}},"12":{"start":{"line":35,"column":22},"end":{"line":35,"column":70}},"13":{"start":{"line":37,"column":4},"end":{"line":37,"column":77}},"14":{"start":{"line":39,"column":21},"end":{"line":47,"column":6}},"15":{"start":{"line":49,"column":17},"end":{"line":49,"column":38}},"16":{"start":{"line":51,"column":4},"end":{"line":53,"column":5}},"17":{"start":{"line":52,"column":6},"end":{"line":52,"column":77}},"18":{"start":{"line":55,"column":4},"end":{"line":55,"column":52}},"19":{"start":{"line":56,"column":4},"end":{"line":56,"column":50}},"20":{"start":{"line":58,"column":4},"end":{"line":58,"column":44}},"21":{"start":{"line":59,"column":4},"end":{"line":59,"column":16}},"22":{"start":{"line":63,"column":0},"end":{"line":63,"column":24}}},"fnMap":{"0":{"name":"(anonymous_0)","decl":{"start":{"line":25,"column":16},"end":{"line":25,"column":17}},"loc":{"start":{"line":25,"column":42},"end":{"line":61,"column":1}},"line":25}},"branchMap":{"0":{"loc":{"start":{"line":29,"column":4},"end":{"line":31,"column":5}},"type":"if","locations":[{"start":{"line":29,"column":4},"end":{"line":31,"column":5}},{"start":{},"end":{}}],"line":29},"1":{"loc":{"start":{"line":29,"column":8},"end":{"line":29,"column":49}},"type":"binary-expr","locations":[{"start":{"line":29,"column":8},"end":{"line":29,"column":13}},{"start":{"line":29,"column":17},"end":{"line":29,"column":49}}],"line":29},"2":{"loc":{"start":{"line":34,"column":25},"end":{"line":34,"column":53}},"type":"cond-expr","locations":[{"start":{"line":34,"column":36},"end":{"line":34,"column":43}},{"start":{"line":34,"column":46},"end":{"line":34,"column":53}}],"line":34},"3":{"loc":{"start":{"line":35,"column":22},"end":{"line":35,"column":70}},"type":"cond-expr","locations":[{"start":{"line":35,"column":33},"end":{"line":35,"column":50}},{"start":{"line":35,"column":53},"end":{"line":35,"column":70}}],"line":35},"4":{"loc":{"start":{"line":51,"column":4},"end":{"line":53,"column":5}},"type":"if","locations":[{"start":{"line":51,"column":4},"end":{"line":53,"column":5}},{"start":{},"end":{}}],"line":51}},"s":{"0":5,"1":5,"2":5,"3":5,"4":5,"5":5,"6":4,"7":4,"8":4,"9":2,"10":2,"11":2,"12":2,"13":2,"14":2,"15":2,"16":2,"17":1,"18":1,"19":1,"20":3,"21":3,"22":5},"f":{"0":4},"b":{"0":[2,2],"1":[4,3],"2":[0,2],"3":[0,2],"4":[1,1]},"_coverageSchema":"1a1c01bbd47fc00a2c39e90264f33305004495a9","hash":"99d77079355b0957cdda41b0d17bcb0369c18589"}
,"E:\\prompt wars\\chunav-saathi\\server\\services\\gemini.js": {"path":"E:\\prompt wars\\chunav-saathi\\server\\services\\gemini.js","statementMap":{"0":{"start":{"line":6,"column":31},"end":{"line":6,"column":63}},"1":{"start":{"line":8,"column":14},"end":{"line":8,"column":70}},"2":{"start":{"line":10,"column":18},"end":{"line":13,"column":2}},"3":{"start":{"line":15,"column":18},"end":{"line":17,"column":2}},"4":{"start":{"line":19,"column":0},"end":{"line":19,"column":48}}},"fnMap":{},"branchMap":{"0":{"loc":{"start":{"line":8,"column":37},"end":{"line":8,"column":69}},"type":"binary-expr","locations":[{"start":{"line":8,"column":37},"end":{"line":8,"column":63}},{"start":{"line":8,"column":67},"end":{"line":8,"column":69}}],"line":8}},"s":{"0":5,"1":5,"2":5,"3":5,"4":5},"f":{},"b":{"0":[5,0]},"_coverageSchema":"1a1c01bbd47fc00a2c39e90264f33305004495a9","hash":"5f130eef423c8d04ba758aafeedf23532cc1bf40"}
,"E:\\prompt wars\\chunav-saathi\\server\\utils\\AppError.js": {"path":"E:\\prompt wars\\chunav-saathi\\server\\utils\\AppError.js","statementMap":{"0":{"start":{"line":18,"column":4},"end":{"line":18,"column":19}},"1":{"start":{"line":19,"column":4},"end":{"line":19,"column":33}},"2":{"start":{"line":20,"column":4},"end":{"line":20,"column":21}},"3":{"start":{"line":21,"column":4},"end":{"line":21,"column":30}},"4":{"start":{"line":22,"column":4},"end":{"line":22,"column":52}},"5":{"start":{"line":25,"column":0},"end":{"line":25,"column":26}}},"fnMap":{"0":{"name":"(anonymous_0)","decl":{"start":{"line":17,"column":2},"end":{"line":17,"column":3}},"loc":{"start":{"line":17,"column":41},"end":{"line":23,"column":3}},"line":17}},"branchMap":{},"s":{"0":6,"1":6,"2":6,"3":6,"4":6,"5":6},"f":{"0":6},"b":{},"_coverageSchema":"1a1c01bbd47fc00a2c39e90264f33305004495a9","hash":"f9d0a21883a98e83973f69e28c764b269369aad6"}
,"E:\\prompt wars\\chunav-saathi\\server\\utils\\logger.js": {"path":"E:\\prompt wars\\chunav-saathi\\server\\utils\\logger.js","statementMap":{"0":{"start":{"line":11,"column":19},"end":{"line":11,"column":65}},"1":{"start":{"line":19,"column":12},"end":{"line":32,"column":1}},"2":{"start":{"line":20,"column":16},"end":{"line":26,"column":3}},"3":{"start":{"line":27,"column":2},"end":{"line":31,"column":3}},"4":{"start":{"line":28,"column":4},"end":{"line":28,"column":41}},"5":{"start":{"line":30,"column":4},"end":{"line":30,"column":39}},"6":{"start":{"line":34,"column":15},"end":{"line":53,"column":1}},"7":{"start":{"line":40,"column":27},"end":{"line":40,"column":62}},"8":{"start":{"line":46,"column":27},"end":{"line":46,"column":62}},"9":{"start":{"line":52,"column":28},"end":{"line":52,"column":64}},"10":{"start":{"line":55,"column":0},"end":{"line":55,"column":24}}},"fnMap":{"0":{"name":"(anonymous_0)","decl":{"start":{"line":19,"column":12},"end":{"line":19,"column":13}},"loc":{"start":{"line":19,"column":43},"end":{"line":32,"column":1}},"line":19},"1":{"name":"(anonymous_1)","decl":{"start":{"line":40,"column":8},"end":{"line":40,"column":9}},"loc":{"start":{"line":40,"column":27},"end":{"line":40,"column":62}},"line":40},"2":{"name":"(anonymous_2)","decl":{"start":{"line":46,"column":8},"end":{"line":46,"column":9}},"loc":{"start":{"line":46,"column":27},"end":{"line":46,"column":62}},"line":46},"3":{"name":"(anonymous_3)","decl":{"start":{"line":52,"column":9},"end":{"line":52,"column":10}},"loc":{"start":{"line":52,"column":28},"end":{"line":52,"column":64}},"line":52}},"branchMap":{"0":{"loc":{"start":{"line":19,"column":29},"end":{"line":19,"column":38}},"type":"default-arg","locations":[{"start":{"line":19,"column":36},"end":{"line":19,"column":38}}],"line":19},"1":{"loc":{"start":{"line":27,"column":2},"end":{"line":31,"column":3}},"type":"if","locations":[{"start":{"line":27,"column":2},"end":{"line":31,"column":3}},{"start":{"line":29,"column":9},"end":{"line":31,"column":3}}],"line":27}},"s":{"0":6,"1":6,"2":12,"3":12,"4":8,"5":4,"6":6,"7":4,"8":0,"9":8,"10":6},"f":{"0":12,"1":4,"2":0,"3":8},"b":{"0":[1],"1":[8,4]},"_coverageSchema":"1a1c01bbd47fc00a2c39e90264f33305004495a9","hash":"5f73e7883d2745d5a417a3e2fdd977c8477af8b7"}
,"E:\\prompt wars\\chunav-saathi\\server\\utils\\validators.js": {"path":"E:\\prompt wars\\chunav-saathi\\server\\utils\\validators.js","statementMap":{"0":{"start":{"line":6,"column":31},"end":{"line":6,"column":53}},"1":{"start":{"line":12,"column":21},"end":{"line":16,"column":1}},"2":{"start":{"line":25,"column":28},"end":{"line":39,"column":1}},"3":{"start":{"line":26,"column":2},"end":{"line":28,"column":3}},"4":{"start":{"line":27,"column":4},"end":{"line":27,"column":58}},"5":{"start":{"line":29,"column":18},"end":{"line":29,"column":32}},"6":{"start":{"line":30,"column":2},"end":{"line":32,"column":3}},"7":{"start":{"line":31,"column":4},"end":{"line":31,"column":62}},"8":{"start":{"line":33,"column":2},"end":{"line":35,"column":3}},"9":{"start":{"line":34,"column":4},"end":{"line":34,"column":92}},"10":{"start":{"line":37,"column":20},"end":{"line":37,"column":51}},"11":{"start":{"line":38,"column":2},"end":{"line":38,"column":45}},"12":{"start":{"line":48,"column":26},"end":{"line":59,"column":1}},"13":{"start":{"line":49,"column":2},"end":{"line":51,"column":3}},"14":{"start":{"line":50,"column":4},"end":{"line":50,"column":56}},"15":{"start":{"line":52,"column":2},"end":{"line":57,"column":3}},"16":{"start":{"line":52,"column":29},"end":{"line":52,"column":44}},"17":{"start":{"line":53,"column":4},"end":{"line":56,"column":6}},"18":{"start":{"line":58,"column":2},"end":{"line":58,"column":25}},"19":{"start":{"line":61,"column":0},"end":{"line":61,"column":74}}},"fnMap":{"0":{"name":"(anonymous_0)","decl":{"start":{"line":25,"column":28},"end":{"line":25,"column":29}},"loc":{"start":{"line":25,"column":41},"end":{"line":39,"column":1}},"line":25},"1":{"name":"(anonymous_1)","decl":{"start":{"line":48,"column":26},"end":{"line":48,"column":27}},"loc":{"start":{"line":48,"column":37},"end":{"line":59,"column":1}},"line":48},"2":{"name":"(anonymous_2)","decl":{"start":{"line":52,"column":24},"end":{"line":52,"column":25}},"loc":{"start":{"line":52,"column":29},"end":{"line":52,"column":44}},"line":52}},"branchMap":{"0":{"loc":{"start":{"line":26,"column":2},"end":{"line":28,"column":3}},"type":"if","locations":[{"start":{"line":26,"column":2},"end":{"line":28,"column":3}},{"start":{},"end":{}}],"line":26},"1":{"loc":{"start":{"line":26,"column":6},"end":{"line":26,"column":45}},"type":"binary-expr","locations":[{"start":{"line":26,"column":6},"end":{"line":26,"column":14}},{"start":{"line":26,"column":18},"end":{"line":26,"column":45}}],"line":26},"2":{"loc":{"start":{"line":30,"column":2},"end":{"line":32,"column":3}},"type":"if","locations":[{"start":{"line":30,"column":2},"end":{"line":32,"column":3}},{"start":{},"end":{}}],"line":30},"3":{"loc":{"start":{"line":33,"column":2},"end":{"line":35,"column":3}},"type":"if","locations":[{"start":{"line":33,"column":2},"end":{"line":35,"column":3}},{"start":{},"end":{}}],"line":33},"4":{"loc":{"start":{"line":49,"column":2},"end":{"line":51,"column":3}},"type":"if","locations":[{"start":{"line":49,"column":2},"end":{"line":51,"column":3}},{"start":{},"end":{}}],"line":49},"5":{"loc":{"start":{"line":49,"column":6},"end":{"line":49,"column":41}},"type":"binary-expr","locations":[{"start":{"line":49,"column":6},"end":{"line":49,"column":12}},{"start":{"line":49,"column":16},"end":{"line":49,"column":41}}],"line":49},"6":{"loc":{"start":{"line":52,"column":2},"end":{"line":57,"column":3}},"type":"if","locations":[{"start":{"line":52,"column":2},"end":{"line":57,"column":3}},{"start":{},"end":{}}],"line":52}},"s":{"0":1,"1":1,"2":1,"3":5,"4":2,"5":3,"6":3,"7":1,"8":2,"9":1,"10":1,"11":1,"12":1,"13":4,"14":1,"15":3,"16":45,"17":1,"18":2,"19":1},"f":{"0":5,"1":4,"2":45},"b":{"0":[2,3],"1":[5,3],"2":[1,2],"3":[1,1],"4":[1,3],"5":[4,3],"6":[1,2]},"_coverageSchema":"1a1c01bbd47fc00a2c39e90264f33305004495a9","hash":"5e1534615f18c15e7055717a2efc76e93fd79e2f"}
}
