TN:
SF:server\index.js
FN:37,(anonymous_0)
FN:67,(anonymous_1)
FN:83,(anonymous_2)
FN:91,(anonymous_3)
FN:113,(anonymous_4)
FNF:5
FNH:4
FNDA:34,(anonymous_0)
FNDA:2,(anonymous_1)
FNDA:1,(anonymous_2)
FNDA:4,(anonymous_3)
FNDA:0,(anonymous_4)
DA:1,5
DA:2,5
DA:4,5
DA:5,5
DA:6,5
DA:8,5
DA:9,5
DA:10,5
DA:11,5
DA:12,5
DA:13,5
DA:15,5
DA:16,5
DA:19,5
DA:22,5
DA:28,5
DA:39,34
DA:40,33
DA:42,1
DA:48,5
DA:49,5
DA:52,5
DA:55,5
DA:56,5
DA:57,5
DA:67,5
DA:68,2
DA:83,5
DA:84,1
DA:91,5
DA:92,4
DA:93,4
DA:95,4
DA:102,4
DA:112,5
DA:113,0
DA:114,0
DA:118,5
LF:38
LH:36
BRDA:1,0,0,5
BRDA:1,0,1,0
BRDA:16,1,0,5
BRDA:16,1,1,0
BRDA:39,2,0,33
BRDA:39,2,1,1
BRDA:39,3,0,34
BRDA:39,3,1,2
BRDA:92,4,0,4
BRDA:92,4,1,0
BRDA:93,5,0,4
BRDA:93,5,1,0
BRDA:104,6,0,0
BRDA:104,6,1,4
BRDA:107,7,0,4
BRDA:107,7,1,3
BRDA:112,8,0,0
BRDA:112,8,1,5
BRF:18
BRH:12
end_of_record
TN:
SF:server\data\knowledgeBase.js
FNF:0
FNH:0
DA:1,5
DA:24,5
DA:181,5
DA:283,5
LF:4
LH:4
BRF:0
BRH:0
end_of_record
TN:
SF:server\middleware\rateLimiter.js
FNF:0
FNH:0
DA:6,5
DA:13,5
DA:21,5
LF:3
LH:3
BRF:0
BRH:0
end_of_record
TN:
SF:server\prompts\systemPrompt.js
FNF:0
FNH:0
DA:1,5
DA:10,5
LF:2
LH:2
BRF:0
BRH:0
end_of_record
TN:
SF:server\routes\chat.js
FN:39,(anonymous_0)
FN:99,(anonymous_1)
FN:105,(anonymous_2)
FNF:3
FNH:3
FNDA:23,(anonymous_0)
FNDA:14,(anonymous_1)
FNDA:1108,(anonymous_2)
DA:15,5
DA:16,5
DA:17,5
DA:18,5
DA:21,5
DA:23,5
DA:25,5
DA:28,5
DA:39,5
DA:40,23
DA:41,23
DA:42,23
DA:43,23
DA:46,23
DA:47,2
DA:50,21
DA:53,21
DA:54,14
DA:56,14
DA:57,9
DA:58,9
DA:59,8
DA:65,1
DA:66,1
DA:73,5
DA:74,1
DA:75,1
DA:76,1
DA:84,4
DA:85,1
DA:86,1
DA:99,10
DA:100,14
DA:101,14
DA:102,14
DA:103,308
DA:104,308
DA:105,1108
DA:106,308
DA:107,6
DA:108,6
DA:111,14
DA:114,10
DA:115,10
DA:117,10
DA:118,6
DA:119,5
DA:120,5
DA:127,1
DA:131,4
DA:132,0
DA:138,4
DA:143,4
DA:144,4
DA:145,2
DA:146,2
DA:148,2
DA:154,2
DA:155,2
DA:158,2
DA:159,1
DA:167,1
DA:174,5
LF:63
LH:62
BRDA:21,0,0,5
BRDA:21,0,1,0
BRDA:23,1,0,5
BRDA:23,1,1,0
BRDA:46,2,0,2
BRDA:46,2,1,21
BRDA:46,3,0,23
BRDA:46,3,1,22
BRDA:53,4,0,14
BRDA:53,4,1,7
BRDA:56,5,0,9
BRDA:56,5,1,5
BRDA:56,6,0,14
BRDA:56,6,1,5
BRDA:56,6,2,5
BRDA:58,7,0,8
BRDA:58,7,1,1
BRDA:62,8,0,0
BRDA:62,8,1,8
BRDA:62,9,0,0
BRDA:62,9,1,8
BRDA:67,10,0,0
BRDA:67,10,1,1
BRDA:68,11,0,0
BRDA:68,11,1,1
BRDA:68,12,0,0
BRDA:68,12,1,1
BRDA:73,13,0,1
BRDA:73,13,1,4
BRDA:73,14,0,5
BRDA:73,14,1,4
BRDA:73,14,2,4
BRDA:73,14,3,4
BRDA:74,15,0,1
BRDA:74,15,1,0
BRDA:79,16,0,0
BRDA:79,16,1,1
BRDA:79,17,0,0
BRDA:79,17,1,1
BRDA:84,18,0,1
BRDA:84,18,1,3
BRDA:84,19,0,4
BRDA:84,19,1,3
BRDA:84,19,2,3
BRDA:87,20,0,0
BRDA:87,20,1,1
BRDA:88,21,0,0
BRDA:88,21,1,1
BRDA:104,22,0,5
BRDA:104,22,1,303
BRDA:105,23,0,21
BRDA:105,23,1,1087
BRDA:106,24,0,6
BRDA:106,24,1,302
BRDA:111,25,0,6
BRDA:111,25,1,8
BRDA:114,26,0,0
BRDA:114,26,1,10
BRDA:115,27,0,4
BRDA:115,27,1,6
BRDA:115,28,0,0
BRDA:115,28,1,4
BRDA:117,29,0,6
BRDA:117,29,1,4
BRDA:118,30,0,5
BRDA:118,30,1,1
BRDA:118,31,0,6
BRDA:118,31,1,5
BRDA:123,32,0,0
BRDA:123,32,1,5
BRDA:123,33,0,0
BRDA:123,33,1,5
BRDA:131,34,0,0
BRDA:131,34,1,4
BRDA:133,35,0,0
BRDA:133,35,1,0
BRDA:139,36,0,4
BRDA:139,36,1,4
BRDA:158,37,0,1
BRDA:158,37,1,1
BRDA:158,38,0,2
BRDA:158,38,1,2
BRDA:158,38,2,1
BRDA:158,38,3,1
BRDA:160,39,0,0
BRDA:160,39,1,1
BRDA:168,40,0,0
BRDA:168,40,1,1
BRF:88
BRH:67
end_of_record
TN:
SF:server\routes\quiz.js
FN:152,(anonymous_0)
FN:166,(anonymous_1)
FNF:2
FNH:2
FNDA:40,(anonymous_0)
FNDA:3,(anonymous_1)
DA:12,5
DA:13,5
DA:14,5
DA:16,5
DA:107,5
DA:151,5
DA:152,5
DA:153,40
DA:154,40
DA:166,5
DA:167,3
DA:169,3
DA:170,1
DA:174,2
DA:175,1
DA:181,1
DA:184,1
DA:186,1
DA:193,5
LF:19
LH:19
BRDA:153,0,0,15
BRDA:153,0,1,25
BRDA:154,1,0,0
BRDA:154,1,1,40
BRDA:167,2,0,3
BRDA:169,3,0,1
BRDA:169,3,1,2
BRDA:174,4,0,1
BRDA:174,4,1,1
BRDA:181,5,0,0
BRDA:181,5,1,1
BRF:11
BRH:9
end_of_record
TN:
SF:server\routes\tts.js
FN:25,(anonymous_0)
FNF:1
FNH:1
FNDA:4,(anonymous_0)
DA:7,5
DA:8,5
DA:9,5
DA:10,5
DA:11,5
DA:25,5
DA:26,4
DA:27,4
DA:29,4
DA:30,2
DA:33,2
DA:34,2
DA:35,2
DA:37,2
DA:39,2
DA:49,2
DA:51,2
DA:52,1
DA:55,1
DA:56,1
DA:58,3
DA:59,3
DA:63,5
LF:23
LH:23
BRDA:29,0,0,2
BRDA:29,0,1,2
BRDA:29,1,0,4
BRDA:29,1,1,3
BRDA:34,2,0,0
BRDA:34,2,1,2
BRDA:35,3,0,0
BRDA:35,3,1,2
BRDA:51,4,0,1
BRDA:51,4,1,1
BRF:10
BRH:8
end_of_record
TN:
SF:server\services\gemini.js
FNF:0
FNH:0
DA:6,5
DA:8,5
DA:10,5
DA:15,5
DA:19,5
LF:5
LH:5
BRDA:8,0,0,5
BRDA:8,0,1,0
BRF:2
BRH:1
end_of_record
TN:
SF:server\utils\AppError.js
FN:17,(anonymous_0)
FNF:1
FNH:1
FNDA:6,(anonymous_0)
DA:18,6
DA:19,6
DA:20,6
DA:21,6
DA:22,6
DA:25,6
LF:6
LH:6
BRF:0
BRH:0
end_of_record
TN:
SF:server\utils\logger.js
FN:19,(anonymous_0)
FN:40,(anonymous_1)
FN:46,(anonymous_2)
FN:52,(anonymous_3)
FNF:4
FNH:3
FNDA:12,(anonymous_0)
FNDA:4,(anonymous_1)
FNDA:0,(anonymous_2)
FNDA:8,(anonymous_3)
DA:11,6
DA:19,6
DA:20,12
DA:27,12
DA:28,8
DA:30,4
DA:34,6
DA:40,4
DA:46,0
DA:52,8
DA:55,6
LF:11
LH:10
BRDA:19,0,0,1
BRDA:27,1,0,8
BRDA:27,1,1,4
BRF:3
BRH:3
end_of_record
TN:
SF:server\utils\validators.js
FN:25,(anonymous_0)
FN:48,(anonymous_1)
FN:52,(anonymous_2)
FNF:3
FNH:3
FNDA:5,(anonymous_0)
FNDA:4,(anonymous_1)
FNDA:45,(anonymous_2)
DA:6,1
DA:12,1
DA:25,1
DA:26,5
DA:27,2
DA:29,3
DA:30,3
DA:31,1
DA:33,2
DA:34,1
DA:37,1
DA:38,1
DA:48,1
DA:49,4
DA:50,1
DA:52,45
DA:53,1
DA:58,2
DA:61,1
LF:19
LH:19
BRDA:26,0,0,2
BRDA:26,0,1,3
BRDA:26,1,0,5
BRDA:26,1,1,3
BRDA:30,2,0,1
BRDA:30,2,1,2
BRDA:33,3,0,1
BRDA:33,3,1,1
BRDA:49,4,0,1
BRDA:49,4,1,3
BRDA:49,5,0,4
BRDA:49,5,1,3
BRDA:52,6,0,1
BRDA:52,6,1,2
BRF:14
BRH:14
end_of_record
